Auto-merging util/style/verifiers.py
Auto-merging src/sim/syscall_emul.hh
Auto-merging src/sim/syscall_emul.cc
Auto-merging src/sim/process.cc
CONFLICT (add/add): Merge conflict in src/mem/cache/prefetch/signature_path.hh
Auto-merging src/mem/cache/prefetch/signature_path.hh
CONFLICT (add/add): Merge conflict in src/mem/cache/prefetch/signature_path.cc
Auto-merging src/mem/cache/prefetch/signature_path.cc
Auto-merging src/mem/cache/prefetch/queued.hh
Auto-merging src/mem/cache/prefetch/queued.cc
Auto-merging src/mem/cache/prefetch/base.hh
CONFLICT (content): Merge conflict in src/mem/cache/prefetch/base.hh
Auto-merging src/mem/cache/prefetch/base.cc
CONFLICT (content): Merge conflict in src/mem/cache/prefetch/base.cc
CONFLICT (add/add): Merge conflict in src/mem/cache/prefetch/associative_set.hh
Auto-merging src/mem/cache/prefetch/associative_set.hh
CONFLICT (add/add): Merge conflict in src/mem/cache/prefetch/access_map_pattern_matching.hh
Auto-merging src/mem/cache/prefetch/access_map_pattern_matching.hh
CONFLICT (add/add): Merge conflict in src/mem/cache/prefetch/access_map_pattern_matching.cc
Auto-merging src/mem/cache/prefetch/access_map_pattern_matching.cc
Auto-merging src/mem/cache/prefetch/SConscript
CONFLICT (content): Merge conflict in src/mem/cache/prefetch/SConscript
Auto-merging src/mem/cache/prefetch/Prefetcher.py
CONFLICT (content): Merge conflict in src/mem/cache/prefetch/Prefetcher.py
Auto-merging src/mem/cache/base.hh
Auto-merging src/mem/cache/base.cc
Auto-merging src/cpu/thread_context.cc
Auto-merging src/cpu/pred/ltage.hh
CONFLICT (content): Merge conflict in src/cpu/pred/ltage.hh
Auto-merging src/cpu/pred/ltage.cc
CONFLICT (content): Merge conflict in src/cpu/pred/ltage.cc
Auto-merging src/cpu/pred/SConscript
Auto-merging src/cpu/pred/BranchPredictor.py
CONFLICT (content): Merge conflict in src/cpu/pred/BranchPredictor.py
Auto-merging src/cpu/o3/rename_impl.hh
Auto-merging src/cpu/o3/rename.hh
Auto-merging src/cpu/o3/probe/elastic_trace.hh
Auto-merging src/cpu/o3/probe/elastic_trace.cc
Auto-merging src/cpu/o3/lsq_unit.hh
Auto-merging src/cpu/o3/inst_queue_impl.hh
CONFLICT (content): Merge conflict in src/cpu/o3/inst_queue_impl.hh
Auto-merging src/cpu/o3/impl.hh
Auto-merging src/cpu/o3/iew_impl.hh
Auto-merging src/cpu/o3/fetch_impl.hh
Auto-merging src/cpu/o3/fetch.hh
Auto-merging src/cpu/o3/cpu.cc
CONFLICT (content): Merge conflict in src/cpu/o3/cpu.cc
Auto-merging src/cpu/o3/commit_impl.hh
CONFLICT (content): Merge conflict in src/cpu/o3/commit_impl.hh
Auto-merging src/cpu/o3/commit.hh
Auto-merging src/cpu/o3/O3CPU.py
Auto-merging src/cpu/base_dyn_inst_impl.hh
Auto-merging src/cpu/base_dyn_inst.hh
Auto-merging src/base/types.hh
Auto-merging src/base/refcnt.hh
CONFLICT (content): Merge conflict in src/base/refcnt.hh
Auto-merging src/arch/riscv/linux/process.cc
Removing ext/googletest/build-aux/.keep
Auto-merging configs/common/Simulation.py
Auto-merging configs/common/Options.py
Auto-merging SConstruct
Auto-merging .gitignore
CONFLICT (content): Merge conflict in .gitignore
Automatic merge failed; fix conflicts and then commit the result.
